check123
line : domain-name = google.com
line : domain-name-servers = 8.8.8.8
line : lease-time = 300
line : subnet = 192.168.0.0
line : netmask = 255.255.255.0
line : range-min = 192.168.0.3
line : range-max = 192.168.0.105
line : broadcast-address = 192.168.0.255
line : gateway = 192.168.0.1
line : end
SDF
asd
1.0.0.0
asd
2.0.0.0
asd
3.0.0.0
asd
4.0.0.0
asd
127.0.0.1
asd
192.168.0.2
23
line : domain-name = google.com
line : domain-name-servers = 8.8.8.8
line : lease-time = 400
line : subnet = 172.20.0.0
line : netmask = 255.255.255.0
line : range-min = 172.20.0.14
line : range-max = 172.20.0.30
line : broadcast-address = 172.20.0.255
line : gateway = 172.20.0.1
line : end
SDF
asd
1.0.0.0
asd
2.0.0.0
asd
3.0.0.0
asd
4.0.0.0
asd
127.0.0.1
asd
192.168.0.2
asd
10.0.2.2
asd
172.20.0.2
23
line : domain-name = google.com
line : domain-name-servers = 8.8.8.8
line : lease-time = 500
line : subnet = 10.0.2.0 
line : netmask = 255.255.255.0
line : range-min = 10.0.2.66
line : range-max = 10.0.2.90
line : broadcast-address = 10.0.2.255
line : gateway = 10.0.2.1
line : end
SDF
asd
1.0.0.0
asd
2.0.0.0
asd
3.0.0.0
asd
4.0.0.0
asd
127.0.0.1
asd
192.168.0.2
asd
10.0.2.2
23
check 
172.20.0.14
1651106781
10.0.2.66
1651106882
192.168.0.3
1651106684
10.0.2.69
1651106884
TABLE 10 : 
66 : 474
69 : 476
wait input 
TABLE 192 : 
3 : 276
wait input 
TABLE 172 : 
14 : 373
wait input 
TABLE 10 : 
66 : 473
69 : 475
TABLE 192 : 
3 : 275
TABLE 172 : 
14 : 372
TABLE 10 : 
66 : 472
69 : 474
TABLE 192 : 
3 : 274
TABLE 172 : 
14 : 371
TABLE 10 : 
66 : 471
69 : 473
TABLE 192 : 
3 : 273
TABLE 172 : 
14 : 370
TABLE 10 : 
66 : 470
69 : 472
TABLE 192 : 
3 : 272
TABLE 172 : 
14 : 369
TABLE 10 : 
66 : 469
69 : 471
TABLE 192 : 
3 : 271
TABLE 172 : 
14 : 368
TABLE 10 : 
66 : 468
69 : 470
TABLE 192 : 
3 : 270
TABLE 172 : 
14 : 367
TABLE 10 : 
66 : 467
69 : 469
TABLE 192 : 
3 : 269
TABLE 172 : 
14 : 366
TABLE 10 : 
66 : 466
69 : 468
TABLE 192 : 
3 : 268
TABLE 172 : 
14 : 365
TABLE 10 : 
66 : 465
69 : 467
TABLE 192 : 
3 : 267
TABLE 172 : 
14 : 364
TABLE 10 : 
66 : 464
69 : 466
TABLE 192 : 
3 : 266
TABLE 172 : 
14 : 363
TABLE 10 : 
66 : 463
69 : 465
TABLE 192 : 
3 : 265
TABLE 172 : 
14 : 362
TABLE 10 : 
66 : 462
69 : 464
TABLE 192 : 
3 : 264
TABLE 172 : 
14 : 361
TABLE 10 : 
66 : 461
69 : 463
TABLE 192 : 
3 : 263
TABLE 172 : 
14 : 360
TABLE 10 : 
66 : 460
69 : 462
TABLE 192 : 
3 : 262
TABLE 172 : 
14 : 359
TABLE 10 : 
66 : 459
69 : 461
TABLE 192 : 
3 : 261
TABLE 172 : 
14 : 358
TABLE 10 : 
66 : 458
69 : 460
TABLE 192 : 
3 : 260
TABLE 172 : 
14 : 357
TABLE 10 : 
66 : 457
69 : 459
TABLE 192 : 
3 : 259
TABLE 172 : 
14 : 356
TABLE 10 : 
66 : 456
69 : 458
TABLE 192 : 
3 : 258
TABLE 172 : 
14 : 355
TABLE 10 : 
66 : 455
69 : 457
TABLE 192 : 
3 : 257
TABLE 172 : 
14 : 354
TABLE 10 : 
66 : 454
69 : 456
TABLE 192 : 
3 : 256
TABLE 172 : 
14 : 353
TABLE 10 : 
66 : 453
69 : 455
TABLE 192 : 
3 : 255
TABLE 172 : 
14 : 352
TABLE 10 : 
66 : 452
69 : 454
TABLE 192 : 
3 : 254
TABLE 172 : 
14 : 351
TABLE 10 : 
66 : 451
69 : 453
TABLE 192 : 
3 : 253
TABLE 172 : 
14 : 350
TABLE 10 : 
66 : 450
69 : 452
TABLE 192 : 
3 : 252
TABLE 172 : 
14 : 349
TABLE 10 : 
66 : 449
69 : 451
TABLE 192 : 
3 : 251
TABLE 172 : 
14 : 348
TABLE 10 : 
66 : 448
69 : 450
TABLE 192 : 
3 : 250
TABLE 172 : 
14 : 347
TABLE 10 : 
66 : 447
69 : 449
TABLE 192 : 
3 : 249
TABLE 172 : 
14 : 346
TABLE 10 : 
66 : 446
69 : 448
TABLE 192 : 
3 : 248
TABLE 172 : 
14 : 345
TABLE 10 : 
66 : 445
69 : 447
TABLE 192 : 
3 : 247
TABLE 172 : 
14 : 344
TABLE 10 : 
66 : 444
69 : 446
TABLE 192 : 
3 : 246
TABLE 172 : 
14 : 343
TABLE 10 : 
66 : 443
69 : 445
TABLE 192 : 
3 : 245
TABLE 172 : 
14 : 342
TABLE 10 : 
66 : 442
69 : 444
TABLE 192 : 
3 : 244
TABLE 172 : 
14 : 341
TABLE 10 : 
66 : 441
69 : 443
TABLE 192 : 
3 : 243
TABLE 172 : 
14 : 340
TABLE 10 : 
66 : 440
69 : 442
TABLE 192 : 
3 : 242
TABLE 172 : 
14 : 339
TABLE 10 : 
66 : 439
69 : 441
TABLE 192 : 
3 : 241
TABLE 172 : 
14 : 338
TABLE 10 : 
66 : 438
69 : 440
TABLE 192 : 
3 : 240
TABLE 172 : 
14 : 337
TABLE 10 : 
66 : 437
69 : 439
TABLE 192 : 
3 : 239
TABLE 172 : 
14 : 336
TABLE 10 : 
66 : 436
69 : 438
TABLE 192 : 
3 : 238
TABLE 172 : 
14 : 335
TABLE 10 : 
66 : 435
69 : 437
TABLE 192 : 
3 : 237
TABLE 172 : 
14 : 334
TABLE 10 : 
66 : 434
69 : 436
TABLE 192 : 
3 : 236
TABLE 172 : 
14 : 333
TABLE 10 : 
66 : 433
69 : 435
TABLE 192 : 
3 : 235
TABLE 172 : 
14 : 332
TABLE 10 : 
66 : 432
69 : 434
TABLE 192 : 
3 : 234
TABLE 172 : 
14 : 331
TABLE 10 : 
66 : 431
69 : 433
TABLE 192 : 
3 : 233
TABLE 172 : 
14 : 330
TABLE 10 : 
66 : 430
69 : 432
TABLE 192 : 
3 : 232
TABLE 172 : 
14 : 329
TABLE 10 : 
66 : 429
69 : 431
TABLE 192 : 
3 : 231
TABLE 172 : 
14 : 328
TABLE 10 : 
66 : 428
69 : 430
TABLE 192 : 
3 : 230
TABLE 172 : 
14 : 327
TABLE 10 : 
66 : 427
69 : 429
TABLE 192 : 
3 : 229
TABLE 172 : 
14 : 326
TABLE 10 : 
66 : 426
69 : 428
TABLE 192 : 
3 : 228
TABLE 172 : 
14 : 325
TABLE 10 : 
66 : 425
69 : 427
TABLE 192 : 
3 : 227
TABLE 172 : 
14 : 324
TABLE 10 : 
66 : 424
69 : 426
TABLE 192 : 
3 : 226
TABLE 172 : 
14 : 323
TABLE 10 : 
66 : 423
69 : 425
TABLE 192 : 
3 : 225
TABLE 172 : 
14 : 322
TABLE 10 : 
66 : 422
69 : 424
TABLE 192 : 
3 : 224
TABLE 172 : 
14 : 320
TABLE 10 : 
66 : 421
69 : 423
TABLE 192 : 
3 : 223
TABLE 172 : 
14 : 319
TABLE 10 : 
66 : 420
69 : 422
TABLE 192 : 
3 : 222
TABLE 172 : 
14 : 318
TABLE 10 : 
66 : 419
69 : 421
TABLE 192 : 
3 : 221
TABLE 172 : 
14 : 317
TABLE 10 : 
66 : 418
69 : 420
TABLE 192 : 
3 : 220
TABLE 172 : 
14 : 316
TABLE 10 : 
66 : 416
69 : 418
TABLE 192 : 
3 : 218
TABLE 172 : 
14 : 315
TABLE 10 : 
66 : 415
69 : 417
TABLE 192 : 
3 : 217
TABLE 172 : 
14 : 314
TABLE 10 : 
66 : 414
69 : 416
TABLE 192 : 
3 : 216
TABLE 172 : 
14 : 313
TABLE 10 : 
66 : 413
69 : 415
TABLE 192 : 
3 : 215
TABLE 172 : 
14 : 312
TABLE 10 : 
66 : 412
69 : 414
TABLE 192 : 
3 : 214
TABLE 172 : 
14 : 311
TABLE 10 : 
66 : 411
69 : 413
TABLE 192 : 
3 : 213
TABLE 172 : 
14 : 310
TABLE 10 : 
66 : 410
69 : 412
TABLE 192 : 
3 : 212
TABLE 172 : 
14 : 309
TABLE 10 : 
66 : 409
69 : 411
TABLE 192 : 
3 : 211
TABLE 172 : 
14 : 308
TABLE 10 : 
66 : 408
69 : 410
TABLE 192 : 
3 : 210
TABLE 172 : 
14 : 307
TABLE 10 : 
66 : 407
69 : 409
TABLE 192 : 
3 : 209
TABLE 172 : 
14 : 306
TABLE 10 : 
66 : 406
69 : 408
TABLE 192 : 
3 : 208
TABLE 172 : 
14 : 305
TABLE 10 : 
66 : 405
69 : 407
TABLE 192 : 
3 : 207
TABLE 172 : 
14 : 304
TABLE 10 : 
66 : 404
69 : 406
TABLE 192 : 
3 : 206
TABLE 172 : 
14 : 303
TABLE 10 : 
66 : 403
69 : 405
TABLE 192 : 
3 : 205
TABLE 172 : 
14 : 302
TABLE 10 : 
66 : 402
69 : 404
TABLE 192 : 
3 : 204
TABLE 172 : 
14 : 301
TABLE 10 : 
66 : 401
69 : 403
TABLE 192 : 
3 : 203
TABLE 172 : 
14 : 300
TABLE 10 : 
66 : 400
69 : 402
TABLE 192 : 
3 : 202
TABLE 172 : 
14 : 299
TABLE 10 : 
66 : 399
69 : 401
TABLE 192 : 
3 : 201
TABLE 172 : 
14 : 298
TABLE 10 : 
66 : 398
69 : 400
TABLE 192 : 
3 : 200
TABLE 172 : 
14 : 297
TABLE 10 : 
66 : 397
69 : 399
TABLE 192 : 
3 : 199
TABLE 172 : 
14 : 296
TABLE 10 : 
66 : 396
69 : 398
TABLE 192 : 
3 : 198
TABLE 172 : 
14 : 295
TABLE 10 : 
66 : 395
69 : 397
TABLE 192 : 
3 : 197
TABLE 172 : 
14 : 294
TABLE 10 : 
66 : 394
69 : 396
TABLE 192 : 
3 : 196
TABLE 172 : 
14 : 293
TABLE 10 : 
66 : 393
69 : 395
TABLE 192 : 
3 : 195
TABLE 172 : 
14 : 292
TABLE 10 : 
66 : 392
69 : 394
TABLE 192 : 
3 : 194
TABLE 172 : 
14 : 291
TABLE 10 : 
66 : 391
69 : 393
TABLE 192 : 
3 : 193
TABLE 172 : 
14 : 290
TABLE 10 : 
66 : 390
69 : 392
TABLE 192 : 
3 : 192
TABLE 172 : 
14 : 289
TABLE 10 : 
66 : 389
69 : 391
TABLE 192 : 
3 : 191
TABLE 172 : 
14 : 288
TABLE 10 : 
66 : 388
69 : 390
TABLE 192 : 
3 : 190
TABLE 172 : 
14 : 287
TABLE 10 : 
66 : 387
69 : 389
TABLE 192 : 
3 : 189
TABLE 172 : 
14 : 286
TABLE 10 : 
66 : 386
69 : 388
TABLE 192 : 
3 : 188
TABLE 172 : 
14 : 285
TABLE 10 : 
66 : 385
69 : 387
TABLE 192 : 
3 : 187
TABLE 172 : 
14 : 284
TABLE 10 : 
66 : 384
69 : 386
TABLE 192 : 
3 : 186
TABLE 172 : 
14 : 283
TABLE 10 : 
66 : 383
69 : 385
TABLE 192 : 
3 : 185
TABLE 172 : 
14 : 282
TABLE 10 : 
66 : 382
69 : 384
TABLE 192 : 
3 : 184
TABLE 172 : 
14 : 281
TABLE 10 : 
66 : 381
69 : 383
TABLE 192 : 
3 : 183
TABLE 172 : 
14 : 280
TABLE 10 : 
66 : 380
69 : 382
TABLE 192 : 
3 : 182
TABLE 172 : 
14 : 279
TABLE 10 : 
66 : 379
69 : 381
TABLE 192 : 
3 : 181
TABLE 172 : 
14 : 278
TABLE 10 : 
66 : 378
69 : 380
TABLE 192 : 
3 : 180
TABLE 172 : 
14 : 277
TABLE 10 : 
66 : 377
69 : 379
TABLE 192 : 
3 : 179
TABLE 172 : 
14 : 276
TABLE 10 : 
66 : 376
69 : 378
TABLE 192 : 
3 : 178
TABLE 172 : 
14 : 275
TABLE 10 : 
66 : 375
69 : 377
TABLE 192 : 
3 : 177
TABLE 172 : 
14 : 274
TABLE 10 : 
66 : 374
69 : 376
TABLE 192 : 
3 : 176
TABLE 172 : 
14 : 273
TABLE 10 : 
66 : 373
69 : 375
TABLE 192 : 
3 : 175
TABLE 172 : 
14 : 272
TABLE 10 : 
66 : 372
69 : 374
TABLE 192 : 
3 : 174
TABLE 172 : 
14 : 271
TABLE 10 : 
66 : 371
69 : 373
TABLE 192 : 
3 : 173
TABLE 172 : 
14 : 270
TABLE 10 : 
66 : 370
69 : 372
TABLE 192 : 
3 : 172
TABLE 172 : 
14 : 269
TABLE 10 : 
66 : 369
69 : 371
TABLE 192 : 
3 : 171
TABLE 172 : 
14 : 268
TABLE 10 : 
66 : 368
69 : 370
TABLE 192 : 
3 : 170
TABLE 172 : 
14 : 267
TABLE 10 : 
66 : 367
69 : 369
TABLE 192 : 
3 : 169
TABLE 172 : 
14 : 266
TABLE 10 : 
66 : 366
69 : 368
TABLE 192 : 
3 : 168
TABLE 172 : 
14 : 265
TABLE 10 : 
66 : 365
69 : 367
TABLE 192 : 
3 : 167
TABLE 172 : 
14 : 264
TABLE 10 : 
66 : 364
69 : 366
TABLE 192 : 
3 : 166
TABLE 172 : 
14 : 263
TABLE 10 : 
66 : 363
69 : 365
TABLE 192 : 
3 : 165
TABLE 172 : 
14 : 262
TABLE 10 : 
66 : 362
69 : 364
TABLE 192 : 
3 : 164
TABLE 172 : 
14 : 261
TABLE 10 : 
66 : 361
69 : 363
TABLE 192 : 
3 : 163
TABLE 172 : 
14 : 260
TABLE 10 : 
66 : 360
69 : 362
TABLE 192 : 
3 : 162
TABLE 172 : 
14 : 259
TABLE 10 : 
66 : 359
69 : 361
TABLE 192 : 
3 : 161
TABLE 172 : 
14 : 258
TABLE 10 : 
66 : 358
69 : 360
TABLE 192 : 
3 : 160
TABLE 172 : 
14 : 257
TABLE 10 : 
66 : 357
69 : 359
TABLE 192 : 
3 : 159
TABLE 172 : 
14 : 256
TABLE 10 : 
66 : 356
69 : 358
TABLE 192 : 
3 : 158
TABLE 172 : 
14 : 255
TABLE 10 : 
66 : 355
69 : 357
TABLE 192 : 
3 : 157
TABLE 172 : 
14 : 254
TABLE 10 : 
66 : 354
69 : 356
TABLE 192 : 
3 : 156
TABLE 172 : 
14 : 253
TABLE 10 : 
66 : 353
69 : 355
TABLE 192 : 
3 : 155
TABLE 172 : 
14 : 252
TABLE 10 : 
66 : 352
69 : 354
TABLE 192 : 
3 : 154
TABLE 172 : 
14 : 251
TABLE 10 : 
66 : 351
69 : 353
TABLE 192 : 
3 : 153
TABLE 172 : 
14 : 250
TABLE 10 : 
66 : 350
69 : 352
TABLE 192 : 
3 : 152
TABLE 172 : 
14 : 249
TABLE 10 : 
66 : 349
69 : 351
TABLE 192 : 
3 : 151
TABLE 172 : 
14 : 248
TABLE 10 : 
66 : 348
69 : 350
TABLE 192 : 
3 : 150
TABLE 172 : 
14 : 247
TABLE 10 : 
66 : 347
69 : 349
TABLE 192 : 
3 : 149
TABLE 172 : 
14 : 246
TABLE 10 : 
66 : 346
69 : 348
TABLE 192 : 
3 : 148
TABLE 172 : 
14 : 245
TABLE 10 : 
66 : 345
69 : 347
TABLE 192 : 
3 : 147
TABLE 172 : 
14 : 244
TABLE 10 : 
66 : 344
69 : 346
TABLE 192 : 
3 : 146
TABLE 172 : 
14 : 243
TABLE 10 : 
66 : 343
69 : 345
TABLE 192 : 
3 : 145
TABLE 172 : 
14 : 242
TABLE 10 : 
66 : 342
69 : 344
TABLE 192 : 
3 : 144
TABLE 172 : 
14 : 241
TABLE 10 : 
66 : 341
69 : 343
TABLE 192 : 
3 : 143
TABLE 172 : 
14 : 240
TABLE 10 : 
66 : 340
69 : 342
TABLE 192 : 
3 : 142
TABLE 172 : 
14 : 239
TABLE 10 : 
66 : 339
69 : 341
TABLE 192 : 
3 : 141
TABLE 172 : 
14 : 238
TABLE 10 : 
66 : 338
69 : 340
TABLE 192 : 
3 : 140
TABLE 172 : 
14 : 237
TABLE 10 : 
66 : 337
69 : 339
TABLE 192 : 
3 : 139
TABLE 172 : 
14 : 236
TABLE 10 : 
66 : 336
69 : 338
TABLE 192 : 
3 : 138
TABLE 172 : 
14 : 235
TABLE 10 : 
66 : 335
69 : 337
TABLE 192 : 
3 : 137
TABLE 172 : 
14 : 234
TABLE 10 : 
66 : 334
69 : 336
TABLE 192 : 
3 : 136
TABLE 172 : 
14 : 233
TABLE 10 : 
66 : 333
69 : 335
TABLE 192 : 
3 : 135
TABLE 172 : 
14 : 232
TABLE 10 : 
66 : 332
69 : 334
TABLE 192 : 
3 : 134
TABLE 172 : 
14 : 231
TABLE 10 : 
66 : 331
69 : 333
TABLE 192 : 
3 : 133
TABLE 172 : 
14 : 230
TABLE 10 : 
66 : 330
69 : 332
TABLE 192 : 
3 : 132
TABLE 172 : 
14 : 229
TABLE 10 : 
66 : 329
69 : 331
TABLE 192 : 
3 : 131
TABLE 172 : 
14 : 228
TABLE 10 : 
66 : 328
69 : 330
TABLE 192 : 
3 : 130
TABLE 172 : 
14 : 227
TABLE 10 : 
66 : 327
69 : 329
TABLE 192 : 
3 : 129
TABLE 172 : 
14 : 226
TABLE 10 : 
66 : 326
69 : 328
TABLE 192 : 
3 : 128
TABLE 172 : 
14 : 225
TABLE 10 : 
66 : 325
69 : 327
TABLE 192 : 
3 : 127
TABLE 172 : 
14 : 224
TABLE 10 : 
66 : 324
69 : 326
TABLE 192 : 
3 : 126
TABLE 172 : 
14 : 223
TABLE 10 : 
66 : 323
69 : 325
TABLE 192 : 
3 : 125
TABLE 172 : 
14 : 222
TABLE 10 : 
66 : 322
69 : 324
TABLE 192 : 
3 : 124
TABLE 172 : 
14 : 221
TABLE 10 : 
66 : 321
69 : 323
TABLE 192 : 
3 : 123
TABLE 172 : 
14 : 220
TABLE 10 : 
66 : 320
69 : 322
TABLE 192 : 
3 : 122
TABLE 172 : 
14 : 219
TABLE 10 : 
66 : 319
69 : 321
TABLE 192 : 
3 : 121
TABLE 172 : 
14 : 218
TABLE 10 : 
66 : 318
69 : 320
TABLE 192 : 
3 : 120
TABLE 172 : 
14 : 217
TABLE 10 : 
66 : 317
69 : 319
TABLE 192 : 
3 : 119
TABLE 172 : 
14 : 216
TABLE 10 : 
66 : 316
69 : 318
TABLE 192 : 
3 : 118
TABLE 172 : 
14 : 215
TABLE 10 : 
66 : 315
69 : 317
TABLE 192 : 
3 : 117
TABLE 172 : 
14 : 214
TABLE 10 : 
66 : 314
69 : 316
TABLE 192 : 
3 : 116
TABLE 172 : 
14 : 213
TABLE 10 : 
66 : 313
69 : 315
TABLE 192 : 
3 : 115
TABLE 172 : 
14 : 212
TABLE 10 : 
66 : 312
69 : 314
TABLE 192 : 
3 : 114
TABLE 172 : 
14 : 211
TABLE 10 : 
66 : 311
69 : 313
TABLE 192 : 
3 : 113
TABLE 172 : 
14 : 210
TABLE 10 : 
66 : 310
69 : 312
TABLE 192 : 
3 : 112
TABLE 172 : 
14 : 209
TABLE 10 : 
66 : 309
69 : 311
TABLE 192 : 
3 : 111
TABLE 172 : 
14 : 208
TABLE 10 : 
66 : 308
69 : 310
TABLE 192 : 
3 : 110
TABLE 172 : 
14 : 207
TABLE 10 : 
66 : 307
69 : 309
TABLE 192 : 
3 : 109
TABLE 172 : 
14 : 206
TABLE 10 : 
66 : 306
69 : 308
TABLE 192 : 
3 : 108
TABLE 172 : 
14 : 205
TABLE 10 : 
66 : 305
69 : 307
TABLE 192 : 
3 : 107
TABLE 172 : 
14 : 204
TABLE 10 : 
66 : 304
69 : 306
TABLE 192 : 
3 : 106
TABLE 172 : 
14 : 203
TABLE 10 : 
66 : 303
69 : 305
TABLE 192 : 
3 : 105
TABLE 172 : 
14 : 202
TABLE 10 : 
66 : 302
69 : 304
TABLE 192 : 
3 : 104
TABLE 172 : 
14 : 201
TABLE 10 : 
66 : 301
69 : 303
TABLE 192 : 
3 : 103
TABLE 172 : 
14 : 200
TABLE 10 : 
66 : 300
69 : 302
TABLE 192 : 
3 : 102
TABLE 172 : 
14 : 199
TABLE 10 : 
66 : 299
69 : 301
TABLE 192 : 
3 : 101
TABLE 172 : 
14 : 198
TABLE 10 : 
66 : 298
69 : 300
TABLE 192 : 
3 : 100
TABLE 172 : 
14 : 197
TABLE 10 : 
66 : 297
69 : 299
TABLE 192 : 
3 : 99
TABLE 172 : 
14 : 196
TABLE 10 : 
66 : 296
69 : 298
TABLE 192 : 
3 : 98
TABLE 172 : 
14 : 195
TABLE 10 : 
66 : 295
69 : 297
TABLE 192 : 
3 : 97
TABLE 172 : 
14 : 194
TABLE 10 : 
66 : 294
69 : 296
TABLE 192 : 
3 : 96
TABLE 172 : 
14 : 193
TABLE 10 : 
66 : 293
69 : 295
TABLE 192 : 
3 : 95
TABLE 172 : 
14 : 192
TABLE 10 : 
66 : 292
69 : 294
TABLE 192 : 
3 : 94
TABLE 172 : 
14 : 191
TABLE 10 : 
66 : 291
69 : 293
TABLE 192 : 
3 : 93
TABLE 172 : 
14 : 190
TABLE 10 : 
66 : 290
69 : 292
TABLE 192 : 
3 : 92
TABLE 172 : 
14 : 189
TABLE 10 : 
66 : 289
69 : 291
TABLE 192 : 
3 : 91
TABLE 172 : 
14 : 188
TABLE 10 : 
66 : 288
69 : 290
TABLE 192 : 
3 : 90
TABLE 172 : 
14 : 187
TABLE 10 : 
66 : 287
69 : 289
TABLE 192 : 
3 : 89
TABLE 172 : 
14 : 186
TABLE 10 : 
66 : 286
69 : 288
TABLE 192 : 
3 : 88
TABLE 172 : 
14 : 185
TABLE 10 : 
66 : 285
69 : 287
TABLE 192 : 
3 : 87
TABLE 172 : 
14 : 184
TABLE 10 : 
66 : 284
69 : 286
TABLE 192 : 
3 : 86
TABLE 172 : 
14 : 183
TABLE 10 : 
66 : 283
69 : 285
TABLE 192 : 
3 : 85
TABLE 172 : 
14 : 182
TABLE 10 : 
66 : 282
69 : 284
TABLE 192 : 
3 : 84
TABLE 172 : 
14 : 181
TABLE 10 : 
66 : 281
69 : 283
TABLE 192 : 
3 : 83
TABLE 172 : 
14 : 180
TABLE 10 : 
66 : 280
69 : 282
TABLE 192 : 
3 : 82
TABLE 172 : 
14 : 179
TABLE 10 : 
66 : 279
69 : 281
TABLE 192 : 
3 : 81
TABLE 172 : 
14 : 178
TABLE 10 : 
66 : 278
69 : 280
TABLE 192 : 
3 : 80
TABLE 172 : 
14 : 177
TABLE 10 : 
66 : 277
69 : 279
TABLE 192 : 
3 : 79
TABLE 172 : 
14 : 176
TABLE 10 : 
66 : 276
69 : 278
TABLE 192 : 
3 : 78
TABLE 172 : 
14 : 175
TABLE 10 : 
66 : 275
69 : 277
TABLE 192 : 
3 : 77
TABLE 172 : 
14 : 174
TABLE 10 : 
66 : 274
69 : 276
TABLE 192 : 
3 : 76
TABLE 172 : 
14 : 173
TABLE 10 : 
66 : 273
69 : 275
TABLE 192 : 
3 : 75
TABLE 172 : 
14 : 172
TABLE 10 : 
66 : 272
69 : 274
TABLE 192 : 
3 : 74
TABLE 172 : 
14 : 171
TABLE 10 : 
66 : 271
69 : 273
TABLE 192 : 
3 : 73
TABLE 172 : 
14 : 170
TABLE 10 : 
66 : 270
69 : 272
TABLE 192 : 
3 : 72
TABLE 172 : 
14 : 169
TABLE 10 : 
66 : 269
69 : 271
TABLE 192 : 
3 : 71
TABLE 172 : 
14 : 168
TABLE 10 : 
66 : 268
69 : 270
TABLE 192 : 
3 : 70
TABLE 172 : 
14 : 167
TABLE 10 : 
66 : 267
69 : 269
TABLE 192 : 
3 : 69
TABLE 172 : 
14 : 166
TABLE 10 : 
66 : 266
69 : 268
TABLE 192 : 
3 : 68
TABLE 172 : 
14 : 165
TABLE 10 : 
66 : 265
69 : 267
TABLE 192 : 
3 : 67
TABLE 172 : 
14 : 164
TABLE 10 : 
66 : 264
69 : 266
TABLE 192 : 
3 : 66
TABLE 172 : 
14 : 163
TABLE 10 : 
66 : 263
69 : 265
TABLE 192 : 
3 : 65
TABLE 172 : 
14 : 162
TABLE 10 : 
66 : 262
69 : 264
TABLE 192 : 
3 : 64
TABLE 172 : 
14 : 161
TABLE 10 : 
66 : 261
69 : 263
TABLE 192 : 
3 : 63
TABLE 172 : 
14 : 160
TABLE 10 : 
66 : 260
69 : 262
TABLE 192 : 
3 : 62
TABLE 172 : 
14 : 159
TABLE 10 : 
66 : 259
69 : 261
TABLE 192 : 
3 : 61
TABLE 172 : 
14 : 158
TABLE 10 : 
66 : 258
69 : 260
TABLE 192 : 
3 : 60
TABLE 172 : 
14 : 157
TABLE 10 : 
66 : 257
69 : 259
TABLE 192 : 
3 : 59
TABLE 172 : 
14 : 156
TABLE 10 : 
66 : 256
69 : 258
TABLE 192 : 
3 : 58
TABLE 172 : 
14 : 155
TABLE 10 : 
66 : 255
69 : 257
TABLE 192 : 
3 : 57
TABLE 172 : 
14 : 154
TABLE 10 : 
66 : 254
69 : 256
TABLE 192 : 
3 : 56
TABLE 172 : 
14 : 153
TABLE 10 : 
66 : 253
69 : 255
TABLE 192 : 
3 : 55
TABLE 172 : 
14 : 152
TABLE 10 : 
66 : 252
69 : 254
TABLE 192 : 
3 : 54
TABLE 172 : 
14 : 151
TABLE 10 : 
66 : 251
69 : 253
TABLE 192 : 
3 : 53
TABLE 172 : 
14 : 150
TABLE 10 : 
66 : 250
69 : 252
TABLE 192 : 
3 : 52
TABLE 172 : 
14 : 149
TABLE 10 : 
66 : 249
69 : 251
TABLE 192 : 
3 : 51
TABLE 172 : 
14 : 148
TABLE 10 : 
66 : 248
69 : 250
TABLE 192 : 
3 : 50
TABLE 172 : 
14 : 147
TABLE 10 : 
66 : 247
69 : 249
TABLE 192 : 
3 : 49
TABLE 172 : 
14 : 146
TABLE 10 : 
66 : 246
69 : 248
TABLE 192 : 
3 : 48
TABLE 172 : 
14 : 145
TABLE 10 : 
66 : 245
69 : 247
TABLE 192 : 
3 : 47
TABLE 172 : 
14 : 144
TABLE 10 : 
66 : 244
69 : 246
TABLE 192 : 
3 : 46
TABLE 172 : 
14 : 143
TABLE 10 : 
66 : 243
69 : 245
TABLE 192 : 
3 : 45
TABLE 172 : 
14 : 142
TABLE 10 : 
66 : 242
69 : 244
TABLE 192 : 
3 : 44
TABLE 172 : 
14 : 141
TABLE 10 : 
66 : 241
69 : 243
TABLE 192 : 
3 : 43
TABLE 172 : 
14 : 140
TABLE 10 : 
66 : 240
69 : 242
TABLE 192 : 
3 : 42
TABLE 172 : 
14 : 139
TABLE 10 : 
66 : 239
69 : 241
TABLE 192 : 
3 : 41
TABLE 172 : 
14 : 138
TABLE 10 : 
66 : 238
69 : 240
TABLE 192 : 
3 : 40
TABLE 172 : 
14 : 137
TABLE 10 : 
66 : 237
69 : 239
TABLE 192 : 
3 : 39
TABLE 172 : 
14 : 136
TABLE 10 : 
66 : 236
69 : 238
TABLE 192 : 
3 : 38
TABLE 172 : 
14 : 135
TABLE 10 : 
66 : 235
69 : 237
TABLE 192 : 
3 : 37
TABLE 172 : 
14 : 134
TABLE 10 : 
66 : 234
69 : 236
TABLE 192 : 
3 : 36
TABLE 172 : 
14 : 133
TABLE 10 : 
66 : 233
69 : 235
TABLE 192 : 
3 : 35
TABLE 172 : 
14 : 132
TABLE 10 : 
66 : 232
69 : 234
TABLE 192 : 
3 : 34
TABLE 172 : 
14 : 131
TABLE 10 : 
66 : 231
69 : 233
TABLE 192 : 
3 : 33
TABLE 172 : 
14 : 130
TABLE 10 : 
66 : 230
69 : 232
TABLE 192 : 
3 : 32
TABLE 172 : 
14 : 129
TABLE 10 : 
66 : 229
69 : 231
TABLE 192 : 
3 : 31
TABLE 172 : 
14 : 128
client pos : 192.168.0.3
ALLCOED = TRUE 
192.168.0.
192.168.0.3
alloced at 192.168.0.3 of time 1651106952 Amount : 300
adfs : 192.168.0.3 | 320
wait input 
